0 info it worked if it ends with ok
1 verbose cli [ 'node', '/usr/local/bin/npm', 'install', 'ng-animate' ]
2 info using npm@1.3.24
3 info using node@v0.10.25
4 warn package.json waitstaff@0.0.0 No description
5 warn package.json waitstaff@0.0.0 No repository field.
6 warn package.json waitstaff@0.0.0 No README data
7 verbose readDependencies using package.json deps
8 verbose cache add [ 'ng-animate', null ]
9 verbose cache add name=undefined spec="ng-animate" args=["ng-animate",null]
10 verbose parsed url { protocol: null,
10 verbose parsed url   slashes: null,
10 verbose parsed url   auth: null,
10 verbose parsed url   host: null,
10 verbose parsed url   port: null,
10 verbose parsed url   hostname: null,
10 verbose parsed url   hash: null,
10 verbose parsed url   search: null,
10 verbose parsed url   query: null,
10 verbose parsed url   pathname: 'ng-animate',
10 verbose parsed url   path: 'ng-animate',
10 verbose parsed url   href: 'ng-animate' }
11 silly lockFile c6902084-ng-animate ng-animate
12 verbose lock ng-animate /Users/ryanhansen/.npm/c6902084-ng-animate.lock
13 silly lockFile c6902084-ng-animate ng-animate
14 silly lockFile c6902084-ng-animate ng-animate
15 verbose addNamed [ 'ng-animate', '' ]
16 verbose addNamed [ null, '*' ]
17 silly lockFile 63950807-ng-animate ng-animate@
18 verbose lock ng-animate@ /Users/ryanhansen/.npm/63950807-ng-animate.lock
19 silly addNameRange { name: 'ng-animate', range: '*', hasData: false }
20 verbose url raw ng-animate
21 verbose url resolving [ 'https://registry.npmjs.org/', './ng-animate' ]
22 verbose url resolved https://registry.npmjs.org/ng-animate
23 info trying registry request attempt 1 at 01:31:16
24 http GET https://registry.npmjs.org/ng-animate
25 http 404 https://registry.npmjs.org/ng-animate
26 silly registry.get cb [ 404,
26 silly registry.get   { date: 'Thu, 12 Jun 2014 08:31:17 GMT',
26 silly registry.get     server: 'CouchDB/1.5.0 (Erlang OTP/R14B04)',
26 silly registry.get     'content-type': 'application/json',
26 silly registry.get     'cache-control': 'max-age=0',
26 silly registry.get     'content-length': '52',
26 silly registry.get     'accept-ranges': 'bytes',
26 silly registry.get     via: '1.1 varnish',
26 silly registry.get     age: '0',
26 silly registry.get     'x-served-by': 'cache-lax1432-LAX',
26 silly registry.get     'x-cache': 'MISS',
26 silly registry.get     'x-cache-hits': '0',
26 silly registry.get     'x-timer': 'S1402561876.930857,VS0,VE73',
26 silly registry.get     'keep-alive': 'timeout=10, max=50',
26 silly registry.get     connection: 'Keep-Alive' } ]
27 silly lockFile 63950807-ng-animate ng-animate@
28 silly lockFile 63950807-ng-animate ng-animate@
29 error 404 'ng-animate' is not in the npm registry.
29 error 404 You should bug the author to publish it
29 error 404 It was specified as a dependency of 'waitstaff'
29 error 404
29 error 404 Note that you can also install from a
29 error 404 tarball, folder, or http url, or git url.
30 error System Darwin 13.1.0
31 error command "node" "/usr/local/bin/npm" "install" "ng-animate"
32 error cwd /Users/ryanhansen/Documents/Projects/Waitstaff
33 error node -v v0.10.25
34 error npm -v 1.3.24
35 error code E404
36 verbose exit [ 1, true ]
